[System] Setting tistory...
[System] Setting velog...
[System] Setting naver...
[System] Setting git...

[2022-02-15 21:04:48] Monitoring tistory...
[2022-02-15 21:05:06] Monitoring velog...
[2022-02-15 21:05:07] Monitoring naver...
[2022-02-15 21:05:08] Monitoring git...
[2022-02-15 21:05:08] Monitoring tistory...
💡 염수경님의 최신 글이 1개 있습니다! DB에 반영합니다.
[2022-02-15 21:05:26] Monitoring velog...
[2022-02-15 21:05:27] Monitoring naver...
[2022-02-15 21:05:27] Monitoring git...
[2022-02-15 21:05:27] Monitoring tistory...
[2022-02-15 21:05:45] Monitoring velog...
[2022-02-15 21:05:46] Monitoring naver...
[2022-02-15 21:05:46] Monitoring git...
[2022-02-15 21:05:46] Monitoring tistory...
[2022-02-15 21:06:03] Monitoring velog...
[2022-02-15 21:06:04] Monitoring naver...
[2022-02-15 21:06:04] Monitoring git...
[2022-02-15 21:06:04] Monitoring tistory...
[System] Setting tistory...
[System] Setting velog...
[System] Setting naver...
[System] Setting git...

[2022-02-15 21:02:30] Monitoring tistory...
💡 염수경님의 최신 글이 1개 있습니다! DB에 반영합니다.
🎉 전경민t님의 첫 글이 2개 있습니다! DB에 반영합니다.
[2022-02-15 21:02:44] Monitoring velog...
[2022-02-15 21:02:45] Monitoring naver...
[2022-02-15 21:02:45] Monitoring git...
[2022-02-15 21:02:45] Monitoring tistory...
[2022-02-15 21:02:59] Monitoring velog...
[2022-02-15 21:03:00] Monitoring naver...
[2022-02-15 21:03:00] Monitoring git...
[2022-02-15 21:03:01] Monitoring tistory...
💡 전경민t님의 최신 글이 1개 있습니다! DB에 반영합니다.
[2022-02-15 21:03:15] Monitoring velog...
[2022-02-15 21:03:15] Monitoring naver...
[2022-02-15 21:03:16] Monitoring git...
[2022-02-15 21:03:16] Monitoring tistory...
[2022-02-15 21:03:30] Monitoring velog...
[2022-02-15 21:03:31] Monitoring naver...
[2022-02-15 21:03:31] Monitoring git...
[2022-02-15 21:03:31] Monitoring tistory...
[2022-02-15 21:03:45] Monitoring velog...
[2022-02-15 21:03:46] Monitoring naver...
[2022-02-15 21:03:46] Monitoring git...
[2022-02-15 21:03:47] Monitoring tistory...
[2022-02-15 21:04:00] Monitoring velog...
[2022-02-15 21:04:01] Monitoring naver...
[2022-02-15 21:04:01] Monitoring git...
[2022-02-15 21:04:02] Monitoring tistory...
[2022-02-15 21:04:15] Monitoring velog...
[2022-02-15 21:04:16] Monitoring naver...
[2022-02-15 21:04:16] Monitoring git...
[2022-02-15 21:04:17] Monitoring tistory...
[2022-02-15 21:04:31] Monitoring velog...
[2022-02-15 21:04:32] Monitoring naver...
[2022-02-15 21:04:32] Monitoring git...
[2022-02-15 21:04:32] Monitoring tistory...
[2022-02-15 21:04:46] Monitoring velog...
[2022-02-15 21:04:47] Monitoring naver...
[2022-02-15 21:04:47] Monitoring git...
[2022-02-15 21:04:48] Monitoring tistory...
[2022-02-15 21:05:07] Monitoring velog...
[2022-02-15 21:05:08] Monitoring naver...
[2022-02-15 21:05:08] Monitoring git...
[2022-02-15 21:05:08] Monitoring tistory...
[2022-02-15 21:05:27] Monitoring velog...
[2022-02-15 21:05:28] Monitoring naver...
[2022-02-15 21:05:28] Monitoring git...
[2022-02-15 21:05:28] Monitoring tistory...
💡 염수경님의 최신 글이 1개 있습니다! DB에 반영합니다.
[2022-02-15 21:05:47] Monitoring velog...
[2022-02-15 21:05:48] Monitoring naver...
[2022-02-15 21:05:48] Monitoring git...
[2022-02-15 21:05:48] Monitoring tistory...
[2022-02-15 21:06:06] Monitoring velog...
[2022-02-15 21:06:07] Monitoring naver...
[2022-02-15 21:06:07] Monitoring git...
[2022-02-15 21:06:07] Monitoring tistory...
[2022-02-15 21:06:21] Monitoring velog...
[2022-02-15 21:06:22] Monitoring naver...
[2022-02-15 21:06:22] Monitoring git...
[2022-02-15 21:06:23] Monitoring tistory...
[2022-02-15 21:06:37] Monitoring velog...
[2022-02-15 21:06:37] Monitoring naver...
[2022-02-15 21:06:38] Monitoring git...
[2022-02-15 21:06:38] Monitoring tistory...
[2022-02-15 21:06:52] Monitoring velog...
[2022-02-15 21:06:53] Monitoring naver...
[2022-02-15 21:06:53] Monitoring git...
[2022-02-15 21:06:54] Monitoring tistory...
[2022-02-15 21:07:08] Monitoring velog...
[2022-02-15 21:07:08] Monitoring naver...
[2022-02-15 21:07:09] Monitoring git...
[2022-02-15 21:07:09] Monitoring tistory...
[2022-02-15 21:07:23] Monitoring velog...
[2022-02-15 21:07:24] Monitoring naver...
[2022-02-15 21:07:24] Monitoring git...
[2022-02-15 21:07:25] Monitoring tistory...
💡 염수경님의 최신 글이 1개 있습니다! DB에 반영합니다.
[2022-02-15 21:07:39] Monitoring velog...
[2022-02-15 21:07:40] Monitoring naver...
[2022-02-15 21:07:40] Monitoring git...
[2022-02-15 21:07:40] Monitoring tistory...
[2022-02-15 21:07:54] Monitoring velog...
[2022-02-15 21:07:55] Monitoring naver...
[2022-02-15 21:07:55] Monitoring git...
[2022-02-15 21:07:55] Monitoring tistory...
[2022-02-15 21:08:09] Monitoring velog...
[2022-02-15 21:08:10] Monitoring naver...
[2022-02-15 21:08:10] Monitoring git...
[2022-02-15 21:08:10] Monitoring tistory...
[2022-02-15 21:08:25] Monitoring velog...
[2022-02-15 21:08:25] Monitoring naver...
[2022-02-15 21:08:26] Monitoring git...
[2022-02-15 21:08:26] Monitoring tistory...
[2022-02-15 21:08:40] Monitoring velog...
[2022-02-15 21:08:40] Monitoring naver...
[2022-02-15 21:08:41] Monitoring git...
[2022-02-15 21:08:41] Monitoring tistory...
[2022-02-15 21:08:55] Monitoring velog...
[2022-02-15 21:08:55] Monitoring naver...
[2022-02-15 21:08:56] Monitoring git...
[2022-02-15 21:08:56] Monitoring tistory...
[2022-02-15 21:09:10] Monitoring velog...
[2022-02-15 21:09:11] Monitoring naver...
[2022-02-15 21:09:11] Monitoring git...
[2022-02-15 21:09:12] Monitoring tistory...
[2022-02-15 21:09:26] Monitoring velog...
[2022-02-15 21:09:26] Monitoring naver...
[2022-02-15 21:09:27] Monitoring git...
[2022-02-15 21:09:27] Monitoring tistory...
[2022-02-15 21:09:41] Monitoring velog...
[2022-02-15 21:09:42] Monitoring naver...
[2022-02-15 21:09:42] Monitoring git...
[2022-02-15 21:09:42] Monitoring tistory...
[2022-02-15 21:09:56] Monitoring velog...
[2022-02-15 21:09:57] Monitoring naver...
[2022-02-15 21:09:57] Monitoring git...
[2022-02-15 21:09:57] Monitoring tistory...
[2022-02-15 21:10:11] Monitoring velog...
[2022-02-15 21:10:12] Monitoring naver...
[2022-02-15 21:10:12] Monitoring git...
[2022-02-15 21:10:12] Monitoring tistory...
[2022-02-15 21:10:26] Monitoring velog...
[2022-02-15 21:10:27] Monitoring naver...
[2022-02-15 21:10:27] Monitoring git...
[2022-02-15 21:10:28] Monitoring tistory...
[2022-02-15 21:10:42] Monitoring velog...
[2022-02-15 21:10:43] Monitoring naver...
[2022-02-15 21:10:43] Monitoring git...
[2022-02-15 21:10:43] Monitoring tistory...
[2022-02-15 21:10:57] Monitoring velog...
[2022-02-15 21:10:58] Monitoring naver...
[2022-02-15 21:10:58] Monitoring git...
[2022-02-15 21:10:59] Monitoring tistory...
[2022-02-15 21:11:13] Monitoring velog...
[2022-02-15 21:11:14] Monitoring naver...
[2022-02-15 21:11:14] Monitoring git...
[2022-02-15 21:11:14] Monitoring tistory...
[2022-02-15 21:11:28] Monitoring velog...
[2022-02-15 21:11:29] Monitoring naver...
[2022-02-15 21:11:29] Monitoring git...
[2022-02-15 21:11:29] Monitoring tistory...
[2022-02-15 21:11:43] Monitoring velog...
[2022-02-15 21:11:44] Monitoring naver...
[2022-02-15 21:11:44] Monitoring git...
[2022-02-15 21:11:44] Monitoring tistory...
[2022-02-15 21:11:58] Monitoring velog...
[2022-02-15 21:11:59] Monitoring naver...
[2022-02-15 21:11:59] Monitoring git...
[2022-02-15 21:11:59] Monitoring tistory...
[2022-02-15 21:12:13] Monitoring velog...
[2022-02-15 21:12:14] Monitoring naver...
[2022-02-15 21:12:14] Monitoring git...
[2022-02-15 21:12:14] Monitoring tistory...
[2022-02-15 21:12:28] Monitoring velog...
[2022-02-15 21:12:29] Monitoring naver...
[2022-02-15 21:12:29] Monitoring git...
[2022-02-15 21:12:30] Monitoring tistory...
[2022-02-15 21:12:43] Monitoring velog...
[2022-02-15 21:12:44] Monitoring naver...
[2022-02-15 21:12:44] Monitoring git...
[2022-02-15 21:12:45] Monitoring tistory...
[2022-02-15 21:12:59] Monitoring velog...
[2022-02-15 21:12:59] Monitoring naver...
[2022-02-15 21:13:00] Monitoring git...
[2022-02-15 21:13:00] Monitoring tistory...
[2022-02-15 21:13:14] Monitoring velog...
[2022-02-15 21:13:14] Monitoring naver...
[2022-02-15 21:13:15] Monitoring git...
[2022-02-15 21:13:15] Monitoring tistory...
[2022-02-15 21:13:29] Monitoring velog...
[2022-02-15 21:13:29] Monitoring naver...
[2022-02-15 21:13:30] Monitoring git...
[2022-02-15 21:13:30] Monitoring tistory...
[2022-02-15 21:13:45] Monitoring velog...
[2022-02-15 21:13:45] Monitoring naver...
[2022-02-15 21:13:46] Monitoring git...
[2022-02-15 21:13:46] Monitoring tistory...
[2022-02-15 21:14:00] Monitoring velog...
[2022-02-15 21:14:00] Monitoring naver...
[2022-02-15 21:14:01] Monitoring git...
[2022-02-15 21:14:01] Monitoring tistory...
[2022-02-15 21:14:15] Monitoring velog...
[2022-02-15 21:14:15] Monitoring naver...
[2022-02-15 21:14:16] Monitoring git...
[2022-02-15 21:14:16] Monitoring tistory...
[2022-02-15 21:14:30] Monitoring velog...
[2022-02-15 21:14:31] Monitoring naver...
[2022-02-15 21:14:31] Monitoring git...